<?xml version="1.0" encoding="UTF-8"?>
<testsuite xmlns:xsi="http://www.w3.org/2001/XMLSchema-instance" xsi:noNamespaceSchemaLocation="https://maven.apache.org/surefire/maven-surefire-plugin/xsd/surefire-test-report-3.0.xsd" version="3.0" name="org.mourya.msscbeerservice.MsscBeerServiceApplicationTests" time="9.107" tests="1" errors="0" skipped="0" failures="0">
  <properties>
[...]
</properties>
  <testcase name="contextLoads" classname="org.mourya.msscbeerservice.MsscBeerServiceApplicationTests" time="0.651">
    <system-out><![CDATA[19:59:42.635 [main] INFO org.springframework.test.context.support.AnnotationConfigContextLoaderUtils -- Could not detect default configuration classes for test class [org.mourya.msscbeerservice.MsscBeerServiceApplicationTests]: MsscBeerServiceApplicationTests does not declare any static, non-private, non-final, nested classes annotated with @Configuration.
19:59:42.763 [main] INFO org.springframework.boot.test.context.SpringBootTestContextBootstrapper -- Found @SpringBootConfiguration org.mourya.msscbeerservice.MsscBeerServiceApplication for test class org.mourya.msscbeerservice.MsscBeerServiceApplicationTests
19:59:42.955 [main] INFO org.springframework.boot.devtools.restart.RestartApplicationListener -- Restart disabled due to context in which it is running

  .   ____          _            __ _ _
 /\\ / ___'_ __ _ _(_)_ __  __ _ \ \ \ \
( ( )\___ | '_ | '_| | '_ \/ _` | \ \ \ \
 \\/  ___)| |_)| | | | | || (_| |  ) ) ) )
  '  |____| .__|_| |_|_| |_\__, | / / / /
 =========|_|==============|___/=/_/_/_/
 :: Spring Boot ::                (v3.2.0)

2023-12-19T19:59:43.252+05:30  INFO 16724 --- [           main] o.m.m.MsscBeerServiceApplicationTests    : Starting MsscBeerServiceApplicationTests using Java 17.0.6 with PID 16724 (started by Abhishek Mauriya in C:\Users\Abhishek Mauriya\Desktop\My_Projrcts\Spring_Cloud_From_Guru\mssc-beer-service)
2023-12-19T19:59:43.253+05:30  INFO 16724 --- [           main] o.m.m.MsscBeerServiceApplicationTests    : No active profile set, falling back to 1 default profile: "default"
2023-12-19T19:59:44.596+05:30  INFO 16724 --- [           main] .s.d.r.c.RepositoryConfigurationDelegate : Bootstrapping Spring Data JPA repositories in DEFAULT mode.
2023-12-19T19:59:44.680+05:30  INFO 16724 --- [           main] .s.d.r.c.RepositoryConfigurationDelegate : Finished Spring Data repository scanning in 73 ms. Found 1 JPA repository interface.
2023-12-19T19:59:45.761+05:30  INFO 16724 --- [           main] .e.s.o.t.o.p.UpfrontAllocatingPageSource : Allocating 1MB in chunks
2023-12-19T19:59:45.806+05:30  INFO 16724 --- [           main] org.ehcache.core.EhcacheManager          : Cache 'beerCache' created in EhcacheManager.
2023-12-19T19:59:45.821+05:30  INFO 16724 --- [           main] org.ehcache.jsr107.Eh107CacheManager     : Registering Ehcache MBean javax.cache:type=CacheStatistics,CacheManager=urn.X-ehcache.jsr107-default-config,Cache=beerCache
2023-12-19T19:59:45.826+05:30  INFO 16724 --- [           main] .e.s.o.t.o.p.UpfrontAllocatingPageSource : Allocating 1MB in chunks
2023-12-19T19:59:45.831+05:30  INFO 16724 --- [           main] org.ehcache.core.EhcacheManager          : Cache 'beerListCache' created in EhcacheManager.
2023-12-19T19:59:45.832+05:30  INFO 16724 --- [           main] org.ehcache.jsr107.Eh107CacheManager     : Registering Ehcache MBean javax.cache:type=CacheStatistics,CacheManager=urn.X-ehcache.jsr107-default-config,Cache=beerListCache
2023-12-19T19:59:46.131+05:30  INFO 16724 --- [           main] com.zaxxer.hikari.HikariDataSource       : HikariPool-1 - Starting...
2023-12-19T19:59:46.416+05:30  INFO 16724 --- [           main] com.zaxxer.hikari.pool.HikariPool        : HikariPool-1 - Added connection conn0: url=jdbc:h2:mem:3191dce3-01af-4ee7-b21c-bacb1a26f17e user=SA
2023-12-19T19:59:46.419+05:30  INFO 16724 --- [           main] com.zaxxer.hikari.HikariDataSource       : HikariPool-1 - Start completed.
2023-12-19T19:59:46.483+05:30  INFO 16724 --- [           main] o.hibernate.jpa.internal.util.LogHelper  : HHH000204: Processing PersistenceUnitInfo [name: default]
2023-12-19T19:59:46.586+05:30  INFO 16724 --- [           main] org.hibernate.Version                    : HHH000412: Hibernate ORM core version 6.3.1.Final
2023-12-19T19:59:46.642+05:30  INFO 16724 --- [           main] o.h.c.internal.RegionFactoryInitiator    : HHH000026: Second-level cache disabled
2023-12-19T19:59:46.976+05:30  INFO 16724 --- [           main] o.s.o.j.p.SpringPersistenceUnitInfo      : No LoadTimeWeaver setup: ignoring JPA class transformer
2023-12-19T19:59:47.916+05:30  INFO 16724 --- [           main] o.h.e.t.j.p.i.JtaPlatformInitiator       : HHH000489: No JTA platform available (set 'hibernate.transaction.jta.platform' to enable JTA platform integration)
2023-12-19T19:59:47.948+05:30  INFO 16724 --- [           main] j.LocalContainerEntityManagerFactoryBean : Initialized JPA EntityManagerFactory for persistence unit 'default'
2023-12-19T19:59:49.203+05:30  WARN 16724 --- [           main] JpaBaseConfiguration$JpaWebConfiguration : spring.jpa.open-in-view is enabled by default. Therefore, database queries may be performed during view rendering. Explicitly configure spring.jpa.open-in-view to disable this warning
2023-12-19T19:59:50.363+05:30  INFO 16724 --- [           main] o.s.b.a.e.web.EndpointLinksResolver      : Exposing 1 endpoint(s) beneath base path '/actuator'
2023-12-19T19:59:50.462+05:30  INFO 16724 --- [           main] o.m.m.MsscBeerServiceApplicationTests    : Started MsscBeerServiceApplicationTests in 7.523 seconds (process running for 8.78)
]]></system-out>
  </testcase>
</testsuite>